<?xml version="1.0" encoding="UTF-8"?>
<!-- Generated by org.testng.reporters.JUnitReportReporter -->
<testsuite skipped="0" hostname="navyug-PC" name="Facebooklogin" tests="1" failures="0" timestamp="03 Sep 2017 14:46:54 GMT" time="9.085" errors="0">
  <testcase name="TC001" time="9.085" classname="Facebooklogin"/>
</testsuite> <!-- Facebooklogin -->
