<?xml version="1.0" encoding="UTF-8"?>
<!-- Generated by org.testng.reporters.JUnitReportReporter -->
<testsuite skipped="0" hostname="navyug-PC" name="Package2.Annotations" tests="2" failures="0" timestamp="11 Sep 2017 16:15:28 GMT" time="0.026" errors="0">
  <testcase name="check" time="0.016" classname="Package2.Annotations"/>
  <testcase name="check6" time="0.010" classname="Package2.Annotations"/>
</testsuite> <!-- Package2.Annotations -->
