<?xml version="1.0" encoding="UTF-8"?>
<!-- Generated by org.testng.reporters.JUnitReportReporter -->
<testsuite skipped="0" hostname="navyug-PC" name="Package2.Annotations2" tests="2" failures="0" timestamp="11 Sep 2017 16:15:41 GMT" time="0.025" errors="0">
  <testcase name="check6_annotation2" time="0.016" classname="Package2.Annotations2"/>
  <testcase name="check_annotation2" time="0.009" classname="Package2.Annotations2"/>
</testsuite> <!-- Package2.Annotations2 -->
